$ fasthenry bfem.inp
Running FastHenry 3.0.1 (28May12)
Source code fixes and compilation by FastFieldSolvers, 2012
  Date: Sat Jan  3 20:46:43 2026
  Host: glenn-OMEN-875
Solution technique: ITERATIVE
Matrix vector product method: MULTIPOLE
  Order of expansion: 2
Preconditioner: ON
Error tolerance: 0.001
Reading from file: bfem.inp
Title:
* bfem FastHenry2 deck generated by scripts/bfem_fasthenry.py

all lengths multiplied by 1 to convert to meters
Total number of filaments before multipole refine: 10823
Total number of filaments after multipole refine: 10936

Multipole Summary
  Expansion order: 2
  Number of partitioning levels: 4
  Total number of filaments: 10936
Percentage of multiplies done by multipole: 100%
Scanning graph to find fundamental circuits...
Number of Groundplanes : 0
Number of filaments:      10936
Number of segments:       10936
Number of nodes:          10937
Number of meshes:             1
          ----from tree:                   1
          ----from planes: (before holes)  0
Number of conductors:         1   (rows of matrix in Zc.mat)
Number of columns:            1   (columns of matrix in Zc.mat)
Number of real nodes:     10937
filling M...
filling R and L...
Total Memory allocated: 201183 kilobytes
Frequency = 1
Forming sparse matrix preconditioner..
conductor 0 from node n_bfem_conductor_series_0
Calling gmres...
1

All impedance matrices dumped to file Zc.mat

Times:  Read geometry   0.700776
        Multipole setup 20.4959
        Scanning graph  0.00148
        Form A M and Z  0.078341
        form M'ZM       0
        Form precond    0.00456
        GMRES time      0.285899
   Total:               21.5669
